<?xml version="1.0" encoding="UTF-8"?>
<testng-results ignored="0" total="18" passed="17" failed="1" skipped="0">
  <reporter-output>
  </reporter-output>
  <suite started-at="2024-03-08T15:44:33 GMT+03:00" name="Almosafer" finished-at="2024-03-08T15:45:59 GMT+03:00" duration-ms="85875">
    <groups>
    </groups>
    <test started-at="2024-03-08T15:44:33 GMT+03:00" name="Test" finished-at="2024-03-08T15:45:59 GMT+03:00" duration-ms="85875">
      <class name="Almosafer.TestCases">
        <test-method is-config="true" signature="Setup()[pri:0, instance:Almosafer.TestCases@4a067c25]" started-at="2024-03-08T15:44:33 GMT+03:00" name="Setup" finished-at="2024-03-08T15:44:46 GMT+03:00" duration-ms="13110" status="PASS">
          <reporter-output>
          </reporter-output>
        </test-method> <!-- Setup -->
        <test-method signature="checkTheWebsiteLanguage()[pri:1, instance:Almosafer.TestCases@4a067c25]" started-at="2024-03-08T15:44:46 GMT+03:00" name="checkTheWebsiteLanguage" finished-at="2024-03-08T15:44:47 GMT+03:00" duration-ms="738" status="PASS">
          <reporter-output>
          </reporter-output>
        </test-method> <!-- checkTheWebsiteLanguage -->
        <test-method signature="checkTheWebsiteLanguage()[pri:1, instance:Almosafer.TestCases@4a067c25]" started-at="2024-03-08T15:44:47 GMT+03:00" name="checkTheWebsiteLanguage" finished-at="2024-03-08T15:44:47 GMT+03:00" duration-ms="559" status="PASS">
          <reporter-output>
          </reporter-output>
        </test-method> <!-- checkTheWebsiteLanguage -->
        <test-method signature="checkTheWebsiteLanguage()[pri:1, instance:Almosafer.TestCases@4a067c25]" started-at="2024-03-08T15:44:47 GMT+03:00" name="checkTheWebsiteLanguage" finished-at="2024-03-08T15:44:49 GMT+03:00" duration-ms="1491" status="PASS">
          <reporter-output>
          </reporter-output>
        </test-method> <!-- checkTheWebsiteLanguage -->
        <test-method signature="Check_hotel()[pri:2, instance:Almosafer.TestCases@4a067c25]" started-at="2024-03-08T15:44:49 GMT+03:00" name="Check_hotel" finished-at="2024-03-08T15:45:13 GMT+03:00" duration-ms="23753" status="PASS">
          <reporter-output>
          </reporter-output>
        </test-method> <!-- Check_hotel -->
        <test-method signature="CheckContactNumber()[pri:3, instance:Almosafer.TestCases@4a067c25]" started-at="2024-03-08T15:45:13 GMT+03:00" name="CheckContactNumber" finished-at="2024-03-08T15:45:19 GMT+03:00" duration-ms="6351" status="PASS">
          <reporter-output>
          </reporter-output>
        </test-method> <!-- CheckContactNumber -->
        <test-method signature="defaultCurrency()[pri:4, instance:Almosafer.TestCases@4a067c25]" started-at="2024-03-08T15:45:19 GMT+03:00" name="defaultCurrency" finished-at="2024-03-08T15:45:22 GMT+03:00" duration-ms="3042" status="PASS">
          <reporter-output>
          </reporter-output>
        </test-method> <!-- defaultCurrency -->
        <test-method signature="numberOfImg()[pri:5, instance:Almosafer.TestCases@4a067c25]" started-at="2024-03-08T15:45:22 GMT+03:00" name="numberOfImg" finished-at="2024-03-08T15:45:23 GMT+03:00" duration-ms="1369" status="PASS">
          <reporter-output>
          </reporter-output>
        </test-method> <!-- numberOfImg -->
        <test-method signature="locationField()[pri:6, instance:Almosafer.TestCases@4a067c25]" started-at="2024-03-08T15:45:23 GMT+03:00" name="locationField" finished-at="2024-03-08T15:45:26 GMT+03:00" duration-ms="2735" status="PASS">
          <reporter-output>
          </reporter-output>
        </test-method> <!-- locationField -->
        <test-method signature="locationField()[pri:6, instance:Almosafer.TestCases@4a067c25]" started-at="2024-03-08T15:45:26 GMT+03:00" name="locationField" finished-at="2024-03-08T15:45:29 GMT+03:00" duration-ms="2514" status="PASS">
          <reporter-output>
          </reporter-output>
        </test-method> <!-- locationField -->
        <test-method signature="locationField()[pri:6, instance:Almosafer.TestCases@4a067c25]" started-at="2024-03-08T15:45:29 GMT+03:00" name="locationField" finished-at="2024-03-08T15:45:31 GMT+03:00" duration-ms="2468" status="PASS">
          <reporter-output>
          </reporter-output>
        </test-method> <!-- locationField -->
        <test-method signature="locationField()[pri:6, instance:Almosafer.TestCases@4a067c25]" started-at="2024-03-08T15:45:31 GMT+03:00" name="locationField" finished-at="2024-03-08T15:45:33 GMT+03:00" duration-ms="2419" status="PASS">
          <reporter-output>
          </reporter-output>
        </test-method> <!-- locationField -->
        <test-method signature="locationField()[pri:6, instance:Almosafer.TestCases@4a067c25]" started-at="2024-03-08T15:45:33 GMT+03:00" name="locationField" finished-at="2024-03-08T15:45:36 GMT+03:00" duration-ms="2527" status="PASS">
          <reporter-output>
          </reporter-output>
        </test-method> <!-- locationField -->
        <test-method signature="locationField()[pri:6, instance:Almosafer.TestCases@4a067c25]" started-at="2024-03-08T15:45:36 GMT+03:00" name="locationField" finished-at="2024-03-08T15:45:39 GMT+03:00" duration-ms="2606" status="PASS">
          <reporter-output>
          </reporter-output>
        </test-method> <!-- locationField -->
        <test-method signature="hotleTabIsNotSelected()[pri:7, instance:Almosafer.TestCases@4a067c25]" started-at="2024-03-08T15:45:39 GMT+03:00" name="hotleTabIsNotSelected" finished-at="2024-03-08T15:45:45 GMT+03:00" duration-ms="6675" status="PASS">
          <reporter-output>
          </reporter-output>
        </test-method> <!-- hotleTabIsNotSelected -->
        <test-method signature="qtife()[pri:8, instance:Almosafer.TestCases@4a067c25]" started-at="2024-03-08T15:45:45 GMT+03:00" name="qtife" finished-at="2024-03-08T15:45:45 GMT+03:00" duration-ms="58" status="PASS">
          <reporter-output>
          </reporter-output>
        </test-method> <!-- qtife -->
        <test-method signature="checkTheVisa()[pri:9, instance:Almosafer.TestCases@4a067c25]" started-at="2024-03-08T15:45:45 GMT+03:00" name="checkTheVisa" finished-at="2024-03-08T15:45:51 GMT+03:00" duration-ms="6053" status="PASS">
          <reporter-output>
          </reporter-output>
        </test-method> <!-- checkTheVisa -->
        <test-method signature="randomlySelecOfVisitor()[pri:10, instance:Almosafer.TestCases@4a067c25]" started-at="2024-03-08T15:45:51 GMT+03:00" name="randomlySelecOfVisitor" finished-at="2024-03-08T15:45:55 GMT+03:00" duration-ms="3465" status="PASS">
          <reporter-output>
          </reporter-output>
        </test-method> <!-- randomlySelecOfVisitor -->
        <test-method signature="chack_Date()[pri:11, instance:Almosafer.TestCases@4a067c25]" started-at="2024-03-08T15:45:55 GMT+03:00" name="chack_Date" finished-at="2024-03-08T15:45:59 GMT+03:00" duration-ms="3882" status="FAIL">
          <exception class="org.openqa.selenium.NoSuchElementException">
            <message>
              <![CDATA[no such element: Unable to locate element: {"method":"xpath","selector":"//button[normalize-space()='Kingdom of Saudi Arabia, SAR']"}
  (Session info: chrome=122.0.6261.112)
For documentation on this error, please visit: https://www.selenium.dev/documentation/webdriver/troubleshooting/errors#no-such-element-exception
Build info: version: '4.17.0', revision: 'e52b1be057*'
System info: os.name: 'Windows 11', os.arch: 'amd64', os.version: '10.0', java.version: '17.0.8'
Driver info: org.openqa.selenium.chrome.ChromeDriver
Command: [76745dd3cbbade7a173d4a220ebfa12f, findElement {using=xpath, value=//button[normalize-space()='Kingdom of Saudi Arabia, SAR']}]
Capabilities {acceptInsecureCerts: false, browserName: chrome, browserVersion: 122.0.6261.112, chrome: {chromedriverVersion: 122.0.6261.111 (9d4c1072da6..., userDataDir: C:\Users\msi-Pc\AppData\Loc...}, fedcm:accounts: true, goog:chromeOptions: {debuggerAddress: localhost:53120}, networkConnectionEnabled: false, pageLoadStrategy: normal, platformName: windows, proxy: Proxy(), se:cdp: ws://localhost:53120/devtoo..., se:cdpVersion: 122.0.6261.112, setWindowRect: true, strictFileInteractability: false, timeouts: {implicit: 0, pageLoad: 300000, script: 30000}, unhandledPromptBehavior: dismiss and notify, webauthn:extension:credBlob: true, webauthn:extension:largeBlob: true, webauthn:extension:minPinLength: true, webauthn:extension:prf: true, webauthn:virtualAuthenticators: true}
Session ID: 76745dd3cbbade7a173d4a220ebfa12f]]>
            </message>
            <full-stacktrace>
              <![CDATA[org.openqa.selenium.NoSuchElementException: no such element: Unable to locate element: {"method":"xpath","selector":"//button[normalize-space()='Kingdom of Saudi Arabia, SAR']"}
  (Session info: chrome=122.0.6261.112)
For documentation on this error, please visit: https://www.selenium.dev/documentation/webdriver/troubleshooting/errors#no-such-element-exception
Build info: version: '4.17.0', revision: 'e52b1be057*'
System info: os.name: 'Windows 11', os.arch: 'amd64', os.version: '10.0', java.version: '17.0.8'
Driver info: org.openqa.selenium.chrome.ChromeDriver
Command: [76745dd3cbbade7a173d4a220ebfa12f, findElement {using=xpath, value=//button[normalize-space()='Kingdom of Saudi Arabia, SAR']}]
Capabilities {acceptInsecureCerts: false, browserName: chrome, browserVersion: 122.0.6261.112, chrome: {chromedriverVersion: 122.0.6261.111 (9d4c1072da6..., userDataDir: C:\Users\msi-Pc\AppData\Loc...}, fedcm:accounts: true, goog:chromeOptions: {debuggerAddress: localhost:53120}, networkConnectionEnabled: false, pageLoadStrategy: normal, platformName: windows, proxy: Proxy(), se:cdp: ws://localhost:53120/devtoo..., se:cdpVersion: 122.0.6261.112, setWindowRect: true, strictFileInteractability: false, timeouts: {implicit: 0, pageLoad: 300000, script: 30000}, unhandledPromptBehavior: dismiss and notify, webauthn:extension:credBlob: true, webauthn:extension:largeBlob: true, webauthn:extension:minPinLength: true, webauthn:extension:prf: true, webauthn:virtualAuthenticators: true}
Session ID: 76745dd3cbbade7a173d4a220ebfa12f
at java.base/jdk.internal.reflect.NativeConstructorAccessorImpl.newInstance0(Native Method)
at java.base/jdk.internal.reflect.NativeConstructorAccessorImpl.newInstance(NativeConstructorAccessorImpl.java:77)
at java.base/jdk.internal.reflect.DelegatingConstructorAccessorImpl.newInstance(DelegatingConstructorAccessorImpl.java:45)
at java.base/java.lang.reflect.Constructor.newInstanceWithCaller(Constructor.java:499)
at java.base/java.lang.reflect.Constructor.newInstance(Constructor.java:480)
at org.openqa.selenium.remote.codec.w3c.W3CHttpResponseCodec.createException(W3CHttpResponseCodec.java:185)
at org.openqa.selenium.remote.codec.w3c.W3CHttpResponseCodec.decode(W3CHttpResponseCodec.java:134)
at org.openqa.selenium.remote.codec.w3c.W3CHttpResponseCodec.decode(W3CHttpResponseCodec.java:51)
at org.openqa.selenium.remote.HttpCommandExecutor.execute(HttpCommandExecutor.java:190)
at org.openqa.selenium.remote.service.DriverCommandExecutor.invokeExecute(DriverCommandExecutor.java:216)
at org.openqa.selenium.remote.service.DriverCommandExecutor.execute(DriverCommandExecutor.java:174)
at org.openqa.selenium.remote.RemoteWebDriver.execute(RemoteWebDriver.java:519)
at org.openqa.selenium.remote.ElementLocation$ElementFinder$2.findElement(ElementLocation.java:165)
at org.openqa.selenium.remote.ElementLocation.findElement(ElementLocation.java:59)
at org.openqa.selenium.remote.RemoteWebDriver.findElement(RemoteWebDriver.java:356)
at org.openqa.selenium.remote.RemoteWebDriver.findElement(RemoteWebDriver.java:350)
at Almosafer.TestCases.chack_Date(TestCases.java:190)
at java.base/jdk.internal.reflect.NativeMethodAccessorImpl.invoke0(Native Method)
at java.base/jdk.internal.reflect.NativeMethodAccessorImpl.invoke(NativeMethodAccessorImpl.java:77)
at java.base/jdk.internal.reflect.DelegatingMethodAccessorImpl.invoke(DelegatingMethodAccessorImpl.java:43)
at java.base/java.lang.reflect.Method.invoke(Method.java:568)
at org.testng.internal.invokers.MethodInvocationHelper.invokeMethod(MethodInvocationHelper.java:139)
at org.testng.internal.invokers.TestInvoker.invokeMethod(TestInvoker.java:664)
at org.testng.internal.invokers.TestInvoker.invokeTestMethod(TestInvoker.java:228)
at org.testng.internal.invokers.MethodRunner.runInSequence(MethodRunner.java:63)
at org.testng.internal.invokers.TestInvoker$MethodInvocationAgent.invoke(TestInvoker.java:961)
at org.testng.internal.invokers.TestInvoker.invokeTestMethods(TestInvoker.java:201)
at org.testng.internal.invokers.TestMethodWorker.invokeTestMethods(TestMethodWorker.java:148)
at org.testng.internal.invokers.TestMethodWorker.run(TestMethodWorker.java:128)
at java.base/java.util.ArrayList.forEach(ArrayList.java:1511)
at org.testng.TestRunner.privateRun(TestRunner.java:819)
at org.testng.TestRunner.run(TestRunner.java:619)
at org.testng.SuiteRunner.runTest(SuiteRunner.java:443)
at org.testng.SuiteRunner.runSequentially(SuiteRunner.java:437)
at org.testng.SuiteRunner.privateRun(SuiteRunner.java:397)
at org.testng.SuiteRunner.run(SuiteRunner.java:336)
at org.testng.SuiteRunnerWorker.runSuite(SuiteRunnerWorker.java:52)
at org.testng.SuiteRunnerWorker.run(SuiteRunnerWorker.java:95)
at org.testng.TestNG.runSuitesSequentially(TestNG.java:1301)
at org.testng.TestNG.runSuitesLocally(TestNG.java:1228)
at org.testng.TestNG.runSuites(TestNG.java:1134)
at org.testng.TestNG.run(TestNG.java:1101)
at org.testng.remote.AbstractRemoteTestNG.run(AbstractRemoteTestNG.java:115)
at org.testng.remote.RemoteTestNG.initAndRun(RemoteTestNG.java:251)
at org.testng.remote.RemoteTestNG.main(RemoteTestNG.java:77)
]]>
            </full-stacktrace>
          </exception> <!-- org.openqa.selenium.NoSuchElementException -->
          <reporter-output>
          </reporter-output>
        </test-method> <!-- chack_Date -->
      </class> <!-- Almosafer.TestCases -->
    </test> <!-- Test -->
  </suite> <!-- Almosafer -->
</testng-results>
